<?xml version="1.0" encoding="UTF-8"?>
<!-- Generated by org.testng.reporters.JUnitReportReporter -->
<testsuite hostname="Abhijeet-PC" failures="0" tests="2" name="CBA.CBAAssessment.Q2Test" time="33.178" errors="0" timestamp="15 Aug 2021 17:18:32 GMT" skipped="0">
  <testcase classname="CBA.CBAAssessment.Q2Test" name="mainFlow" time="19.291"/>
  <testcase classname="CBA.CBAAssessment.Q2Test" name="mainFlow" time="13.887"/>
</testsuite> <!-- CBA.CBAAssessment.Q2Test -->
